<?xml version="1.0" encoding="UTF-8"?>
<!-- Generated by org.testng.reporters.JUnitReportReporter -->
<testsuite hostname="BGSNIKMS3402" failures="0" tests="5" name="NewPostAndDeleteTest" time="34.016" errors="0" timestamp="2024-01-13T17:51:02 EET" skipped="0">
  <testcase classname="NewPostAndDeleteTest" name="testUploadImage" time="6.845"/>
  <system-out/>
  <testcase classname="NewPostAndDeleteTest" name="testUploadImage" time="7.106"/>
  <system-out/>
  <testcase classname="NewPostAndDeleteTest" name="testUploadImage" time="6.459"/>
  <system-out/>
  <testcase classname="NewPostAndDeleteTest" name="testUploadImage" time="6.904"/>
  <system-out/>
  <testcase classname="NewPostAndDeleteTest" name="testUploadImage" time="6.702"/>
  <system-out/>
</testsuite> <!-- NewPostAndDeleteTest -->
