<?xml version="1.0" encoding="UTF-8"?>
<!-- Generated by org.testng.reporters.JUnitReportReporter -->
<testsuite hostname="BGSNIKMS3402" failures="0" tests="5" name="EditProfileTest" time="22.928" errors="0" timestamp="2024-01-13T17:51:02 EET" skipped="0">
  <testcase classname="EditProfileTest" name="EditProfile" time="4.470"/>
  <system-out/>
  <testcase classname="EditProfileTest" name="EditProfile" time="4.548"/>
  <system-out/>
  <testcase classname="EditProfileTest" name="EditProfile" time="4.537"/>
  <system-out/>
  <testcase classname="EditProfileTest" name="EditProfile" time="4.478"/>
  <system-out/>
  <testcase classname="EditProfileTest" name="EditProfile" time="4.895"/>
  <system-out/>
</testsuite> <!-- EditProfileTest -->
