<?xml version="1.0" encoding="UTF-8"?>
<!-- Generated by org.testng.reporters.JUnitReportReporter -->
<testsuite hostname="BGSNIKMS3402" failures="0" tests="5" name="RegisterUserTest" time="31.718" errors="0" timestamp="2024-01-13T17:51:02 EET" skipped="0">
  <testcase classname="RegisterUserTest" name="registrationUser" time="5.632"/>
  <system-out/>
  <testcase classname="RegisterUserTest" name="registrationUser" time="6.240"/>
  <system-out/>
  <testcase classname="RegisterUserTest" name="registrationUser" time="6.642"/>
  <system-out/>
  <testcase classname="RegisterUserTest" name="registrationUser" time="7.866"/>
  <system-out/>
  <testcase classname="RegisterUserTest" name="registrationUser" time="5.338"/>
  <system-out/>
</testsuite> <!-- RegisterUserTest -->
